app/build/intermediates/manifest_merge_blame_file/debug/manifest-merger-blame-debug-report.txt
1<?xml version="1.0" encoding="utf-8"?>
2<manifest xmlns:android="http://schemas.android.com/apk/res/android"
3    package="com.xtracover.xcqcmh"
4    android:versionCode="1"
5    android:versionName="1.0" >
6
7    <uses-sdk
8        android:minSdkVersion="21"
8-->src\main\AndroidManifest.xml
9        android:targetSdkVersion="33" />
9-->src\main\AndroidManifest.xml
10
11    <uses-permission android:name="android.permission.ACCESS_NETWORK_STATE" />
11-->src\main\AndroidManifest.xml:6:5-79
11-->src\main\AndroidManifest.xml:6:22-76
12    <uses-permission android:name="android.permission.BLUETOOTH_CONNECT" />
12-->src\main\AndroidManifest.xml:7:5-76
12-->src\main\AndroidManifest.xml:7:22-73
13    <uses-permission android:name="android.permission.INTERNET" />
13-->src\main\AndroidManifest.xml:8:5-67
13-->src\main\AndroidManifest.xml:8:22-64
14    <uses-permission android:name="android.permission.ACCESS_WIFI_STATE" />
14-->src\main\AndroidManifest.xml:9:5-76
14-->src\main\AndroidManifest.xml:9:22-73
15    <uses-permission android:name="android.permission.CHANGE_WIFI_STATE" />
15-->src\main\AndroidManifest.xml:10:5-76
15-->src\main\AndroidManifest.xml:10:22-73
16    <uses-permission android:name="android.permission.CAMERA" />
16-->src\main\AndroidManifest.xml:11:5-65
16-->src\main\AndroidManifest.xml:11:22-62
17    <uses-permission android:name="android.permission.READ_PRIVILEGED_PHONE_STATE" />
17-->src\main\AndroidManifest.xml:12:5-14:47
17-->src\main\AndroidManifest.xml:13:9-70
18    <uses-permission android:name="android.permission.WRITE_EXTERNAL_STORAGE" />
18-->src\main\AndroidManifest.xml:15:5-17:40
18-->src\main\AndroidManifest.xml:16:9-65
19    <uses-permission android:name="android.permission.READ_EXTERNAL_STORAGE" />
19-->src\main\AndroidManifest.xml:18:5-80
19-->src\main\AndroidManifest.xml:18:22-77
20    <uses-permission android:name="android.permission.ACCESS_FINE_LOCATION" />
20-->src\main\AndroidManifest.xml:19:5-79
20-->src\main\AndroidManifest.xml:19:22-76
21    <uses-permission android:name="android.permission.ACCESS_COARSE_LOCATION" />
21-->src\main\AndroidManifest.xml:20:5-81
21-->src\main\AndroidManifest.xml:20:22-78
22    <uses-permission android:name="android.permission.READ_PHONE_STATE" />
22-->src\main\AndroidManifest.xml:21:5-75
22-->src\main\AndroidManifest.xml:21:22-72
23    <uses-permission android:name="android.permission.READ_CONTACTS" />
23-->src\main\AndroidManifest.xml:22:5-72
23-->src\main\AndroidManifest.xml:22:22-69
24    <uses-permission android:name="android.permission.MODIFY_PHONE_STATE" />
24-->src\main\AndroidManifest.xml:23:5-25:47
24-->src\main\AndroidManifest.xml:24:9-61
25    <uses-permission android:name="android.permission.CALL_PHONE" />
25-->src\main\AndroidManifest.xml:26:5-69
25-->src\main\AndroidManifest.xml:26:22-66
26    <uses-permission android:name="android.permission.UPDATE_DEVICE_STATS" />
26-->src\main\AndroidManifest.xml:27:5-29:47
26-->src\main\AndroidManifest.xml:28:9-62
27    <uses-permission android:name="android.permission.WAKE_LOCK" />
27-->src\main\AndroidManifest.xml:30:5-68
27-->src\main\AndroidManifest.xml:30:22-65
28    <uses-permission android:name="android.hardware.sensor.proximity" />
28-->src\main\AndroidManifest.xml:31:5-73
28-->src\main\AndroidManifest.xml:31:22-70
29    <uses-permission android:name="android.permission.BLUETOOTH" />
29-->src\main\AndroidManifest.xml:32:5-68
29-->src\main\AndroidManifest.xml:32:22-65
30    <uses-permission android:name="android.permission.BLUETOOTH_ADMIN" />
30-->src\main\AndroidManifest.xml:33:5-74
30-->src\main\AndroidManifest.xml:33:22-71
31    <uses-permission android:name="android.permission.VIBRATE" />
31-->src\main\AndroidManifest.xml:34:5-66
31-->src\main\AndroidManifest.xml:34:22-63
32    <uses-permission android:name="android.permission.FLASHLIGHT" />
32-->src\main\AndroidManifest.xml:35:5-69
32-->src\main\AndroidManifest.xml:35:22-66
33    <uses-permission android:name="android.permission.RECORD_AUDIO" />
33-->src\main\AndroidManifest.xml:36:5-71
33-->src\main\AndroidManifest.xml:36:22-68
34    <uses-permission android:name="android.permission.STORAGE" />
34-->src\main\AndroidManifest.xml:37:5-66
34-->src\main\AndroidManifest.xml:37:22-63
35    <uses-permission android:name="android.permission.ACCESS_NOTIFICATION_POLICY" />
35-->src\main\AndroidManifest.xml:38:5-85
35-->src\main\AndroidManifest.xml:38:22-82
36
37    <uses-feature android:name="android.hardware.camera" />
37-->src\main\AndroidManifest.xml:40:5-60
37-->src\main\AndroidManifest.xml:40:19-57
38    <uses-feature android:name="android.hardware.camera2.full" />
38-->src\main\AndroidManifest.xml:41:5-66
38-->src\main\AndroidManifest.xml:41:19-63
39    <uses-feature
39-->src\main\AndroidManifest.xml:42:5-44:36
40        android:name="android.hardware.camera.front"
40-->src\main\AndroidManifest.xml:43:9-53
41        android:required="false" />
41-->src\main\AndroidManifest.xml:44:9-33
42    <uses-feature
42-->src\main\AndroidManifest.xml:45:5-47:36
43        android:name="android.hardware.camera.flash"
43-->src\main\AndroidManifest.xml:46:9-53
44        android:required="false" />
44-->src\main\AndroidManifest.xml:47:9-33
45    <uses-feature
45-->src\main\AndroidManifest.xml:48:5-50:36
46        android:name="android.hardware.camera.autofocus"
46-->src\main\AndroidManifest.xml:49:9-57
47        android:required="false" />
47-->src\main\AndroidManifest.xml:50:9-33
48    <uses-feature
48-->src\main\AndroidManifest.xml:51:5-53:35
49        android:name="android.hardware.sensor.accelerometer"
49-->src\main\AndroidManifest.xml:52:9-61
50        android:required="true" />
50-->src\main\AndroidManifest.xml:53:9-32
51    <uses-feature
51-->src\main\AndroidManifest.xml:54:5-56:35
52        android:name="android.hardware.sensor.gyroscope"
52-->src\main\AndroidManifest.xml:55:9-57
53        android:required="true" />
53-->src\main\AndroidManifest.xml:56:9-32
54
55    <permission
55-->[androidx.core:core:1.9.0] AndroidManifest.xml:22:5-24:47
56        android:name="com.xtracover.xcqcmh.DYNAMIC_RECEIVER_NOT_EXPORTED_PERMISSION"
56-->[androidx.core:core:1.9.0] AndroidManifest.xml:23:9-81
57        android:protectionLevel="signature" />
57-->[androidx.core:core:1.9.0] AndroidManifest.xml:24:9-44
58
59    <uses-permission android:name="com.xtracover.xcqcmh.DYNAMIC_RECEIVER_NOT_EXPORTED_PERMISSION" />
59-->[androidx.core:core:1.9.0] AndroidManifest.xml:26:5-97
59-->[androidx.core:core:1.9.0] AndroidManifest.xml:26:22-94
60
61    <application
61-->src\main\AndroidManifest.xml:58:5-129:19
62        android:allowBackup="true"
62-->src\main\AndroidManifest.xml:59:9-35
63        android:appComponentFactory="androidx.core.app.CoreComponentFactory"
63-->[androidx.core:core:1.9.0] AndroidManifest.xml:28:18-86
64        android:dataExtractionRules="@xml/data_extraction_rules"
64-->src\main\AndroidManifest.xml:60:9-65
65        android:debuggable="true"
66        android:fullBackupContent="@xml/backup_rules"
66-->src\main\AndroidManifest.xml:61:9-54
67        android:icon="@mipmap/ic_launcher"
67-->src\main\AndroidManifest.xml:62:9-43
68        android:label="@string/app_name"
68-->src\main\AndroidManifest.xml:63:9-41
69        android:roundIcon="@mipmap/ic_launcher_round"
69-->src\main\AndroidManifest.xml:64:9-54
70        android:supportsRtl="true"
70-->src\main\AndroidManifest.xml:65:9-35
71        android:testOnly="true"
72        android:theme="@style/Theme.XcQcMHApp"
72-->src\main\AndroidManifest.xml:66:9-47
73        android:usesCleartextTraffic="true" >
73-->src\main\AndroidManifest.xml:67:9-44
74        <activity
74-->src\main\AndroidManifest.xml:69:9-71:40
75            android:name="com.xtracover.xcqcmh.TestActivities.LcdGlassTestActivity"
75-->src\main\AndroidManifest.xml:70:13-64
76            android:exported="false" />
76-->src\main\AndroidManifest.xml:71:13-37
77        <activity
77-->src\main\AndroidManifest.xml:72:9-74:40
78            android:name="com.xtracover.xcqcmh.TestActivities.LcdPixelTestActivity"
78-->src\main\AndroidManifest.xml:73:13-64
79            android:exported="false" />
79-->src\main\AndroidManifest.xml:74:13-37
80        <activity
80-->src\main\AndroidManifest.xml:75:9-77:40
81            android:name="com.xtracover.xcqcmh.TestActivities.EarpieceTestActivity"
81-->src\main\AndroidManifest.xml:76:13-64
82            android:exported="false" />
82-->src\main\AndroidManifest.xml:77:13-37
83        <activity
83-->src\main\AndroidManifest.xml:78:9-80:40
84            android:name="com.xtracover.xcqcmh.TestActivities.LoudSpeakerTestActivity"
84-->src\main\AndroidManifest.xml:79:13-67
85            android:exported="false" />
85-->src\main\AndroidManifest.xml:80:13-37
86        <activity
86-->src\main\AndroidManifest.xml:81:9-83:40
87            android:name="com.xtracover.xcqcmh.TestActivities.MicrophoneTestActivity"
87-->src\main\AndroidManifest.xml:82:13-66
88            android:exported="false" />
88-->src\main\AndroidManifest.xml:83:13-37
89        <activity
89-->src\main\AndroidManifest.xml:84:9-86:40
90            android:name="com.xtracover.xcqcmh.TestActivities.FlashTestActivity"
90-->src\main\AndroidManifest.xml:85:13-61
91            android:exported="false" />
91-->src\main\AndroidManifest.xml:86:13-37
92        <activity
92-->src\main\AndroidManifest.xml:87:9-89:40
93            android:name="com.xtracover.xcqcmh.TestActivities.AccelerometerTestActivity"
93-->src\main\AndroidManifest.xml:88:13-69
94            android:exported="false" />
94-->src\main\AndroidManifest.xml:89:13-37
95        <activity
95-->src\main\AndroidManifest.xml:90:9-92:40
96            android:name="com.xtracover.xcqcmh.TestActivities.NFCTestActivity"
96-->src\main\AndroidManifest.xml:91:13-59
97            android:exported="false" />
97-->src\main\AndroidManifest.xml:92:13-37
98        <activity
98-->src\main\AndroidManifest.xml:93:9-95:40
99            android:name="com.xtracover.xcqcmh.TestActivities.VibrationTestActivity"
99-->src\main\AndroidManifest.xml:94:13-65
100            android:exported="false" />
100-->src\main\AndroidManifest.xml:95:13-37
101        <activity
101-->src\main\AndroidManifest.xml:96:9-98:40
102            android:name="com.xtracover.xcqcmh.TestActivities.BluetoothTestActivity"
102-->src\main\AndroidManifest.xml:97:13-65
103            android:exported="false" />
103-->src\main\AndroidManifest.xml:98:13-37
104        <activity
104-->src\main\AndroidManifest.xml:99:9-101:40
105            android:name="com.xtracover.xcqcmh.TestActivities.GPSTestActivity"
105-->src\main\AndroidManifest.xml:100:13-59
106            android:exported="false" />
106-->src\main\AndroidManifest.xml:101:13-37
107        <activity
107-->src\main\AndroidManifest.xml:102:9-104:40
108            android:name="com.xtracover.xcqcmh.TestActivities.ScreenTouchActivity"
108-->src\main\AndroidManifest.xml:103:13-63
109            android:exported="false" />
109-->src\main\AndroidManifest.xml:104:13-37
110        <activity
110-->src\main\AndroidManifest.xml:105:9-107:40
111            android:name="com.xtracover.xcqcmh.TestActivities.ProximitySensorActivity"
111-->src\main\AndroidManifest.xml:106:13-67
112            android:exported="false" />
112-->src\main\AndroidManifest.xml:107:13-37
113        <activity
113-->src\main\AndroidManifest.xml:108:9-110:40
114            android:name="com.xtracover.xcqcmh.TestActivities.WiFiInternetTestActivity"
114-->src\main\AndroidManifest.xml:109:13-68
115            android:exported="false" />
115-->src\main\AndroidManifest.xml:110:13-37
116        <activity
116-->src\main\AndroidManifest.xml:111:9-113:40
117            android:name="com.xtracover.xcqcmh.TestActivities.ButtonsTestActivity"
117-->src\main\AndroidManifest.xml:112:13-63
118            android:exported="false" />
118-->src\main\AndroidManifest.xml:113:13-37
119        <activity
119-->src\main\AndroidManifest.xml:114:9-116:40
120            android:name="com.xtracover.xcqcmh.Activities.DashboardActivity"
120-->src\main\AndroidManifest.xml:115:13-57
121            android:exported="false" />
121-->src\main\AndroidManifest.xml:116:13-37
122        <activity
122-->src\main\AndroidManifest.xml:117:9-119:40
123            android:name="com.xtracover.xcqcmh.Activities.LoginActivity"
123-->src\main\AndroidManifest.xml:118:13-53
124            android:exported="false" />
124-->src\main\AndroidManifest.xml:119:13-37
125        <activity
125-->src\main\AndroidManifest.xml:120:9-128:20
126            android:name="com.xtracover.xcqcmh.SplashScreenActivity"
126-->src\main\AndroidManifest.xml:121:13-49
127            android:exported="true" >
127-->src\main\AndroidManifest.xml:122:13-36
128            <intent-filter>
128-->src\main\AndroidManifest.xml:123:13-127:29
129                <action android:name="android.intent.action.MAIN" />
129-->src\main\AndroidManifest.xml:124:17-69
129-->src\main\AndroidManifest.xml:124:25-66
130
131                <category android:name="android.intent.category.LAUNCHER" />
131-->src\main\AndroidManifest.xml:126:17-77
131-->src\main\AndroidManifest.xml:126:27-74
132            </intent-filter>
133        </activity>
134
135        <provider
135-->[androidx.emoji2:emoji2:1.2.0] AndroidManifest.xml:24:9-32:20
136            android:name="androidx.startup.InitializationProvider"
136-->[androidx.emoji2:emoji2:1.2.0] AndroidManifest.xml:25:13-67
137            android:authorities="com.xtracover.xcqcmh.androidx-startup"
137-->[androidx.emoji2:emoji2:1.2.0] AndroidManifest.xml:26:13-68
138            android:exported="false" >
138-->[androidx.emoji2:emoji2:1.2.0] AndroidManifest.xml:27:13-37
139            <meta-data
139-->[androidx.emoji2:emoji2:1.2.0] AndroidManifest.xml:29:13-31:52
140                android:name="androidx.emoji2.text.EmojiCompatInitializer"
140-->[androidx.emoji2:emoji2:1.2.0] AndroidManifest.xml:30:17-75
141                android:value="androidx.startup" />
141-->[androidx.emoji2:emoji2:1.2.0] AndroidManifest.xml:31:17-49
142            <meta-data
142-->[androidx.lifecycle:lifecycle-process:2.4.1] AndroidManifest.xml:31:13-33:52
143                android:name="androidx.lifecycle.ProcessLifecycleInitializer"
143-->[androidx.lifecycle:lifecycle-process:2.4.1] AndroidManifest.xml:32:17-78
144                android:value="androidx.startup" />
144-->[androidx.lifecycle:lifecycle-process:2.4.1] AndroidManifest.xml:33:17-49
145        </provider>
146    </application>
147
148</manifest>